0 info it worked if it ends with ok
1 verbose cli [ 'D:\\nodejs\\\\node.exe',
1 verbose cli   'D:\\nodejs\\node_modules\\npm\\bin\\npm-cli.js',
1 verbose cli   'publish' ]
2 info using npm@1.4.28
3 info using node@v0.10.33
4 verbose node symlink D:\nodejs\\node.exe
5 verbose publish [ '.' ]
6 verbose cache add [ '.', null ]
7 verbose cache add name=undefined spec="." args=[".",null]
8 verbose parsed url { protocol: null,
8 verbose parsed url   slashes: null,
8 verbose parsed url   auth: null,
8 verbose parsed url   host: null,
8 verbose parsed url   port: null,
8 verbose parsed url   hostname: null,
8 verbose parsed url   hash: null,
8 verbose parsed url   search: null,
8 verbose parsed url   query: null,
8 verbose parsed url   pathname: '.',
8 verbose parsed url   path: '.',
8 verbose parsed url   href: '.' }
9 silly lockFile 3a52ce78- .
10 verbose lock . C:\Users\steph_000\AppData\Roaming\npm-cache\3a52ce78-.lock
11 verbose tar pack [ 'C:\\Users\\steph_000\\AppData\\Roaming\\npm-cache\\styleValidate\\1.0.0\\package.tgz',
11 verbose tar pack   '.' ]
12 verbose tarball C:\Users\steph_000\AppData\Roaming\npm-cache\styleValidate\1.0.0\package.tgz
13 verbose folder .
14 info prepublish styleValidate@1.0.0
15 silly lockFile 1f1177db-tar tar://.
16 verbose lock tar://. C:\Users\steph_000\AppData\Roaming\npm-cache\1f1177db-tar.lock
17 silly lockFile 538b375a--styleValidate-1-0-0-package-tgz tar://C:\Users\steph_000\AppData\Roaming\npm-cache\styleValidate\1.0.0\package.tgz
18 verbose lock tar://C:\Users\steph_000\AppData\Roaming\npm-cache\styleValidate\1.0.0\package.tgz C:\Users\steph_000\AppData\Roaming\npm-cache\538b375a--styleValidate-1-0-0-package-tgz.lock
19 silly lockFile 1f1177db-tar tar://.
20 silly lockFile 1f1177db-tar tar://.
21 silly lockFile 538b375a--styleValidate-1-0-0-package-tgz tar://C:\Users\steph_000\AppData\Roaming\npm-cache\styleValidate\1.0.0\package.tgz
22 silly lockFile 538b375a--styleValidate-1-0-0-package-tgz tar://C:\Users\steph_000\AppData\Roaming\npm-cache\styleValidate\1.0.0\package.tgz
23 silly lockFile 4e743958-ache-styleValidate-1-0-0-package C:\Users\steph_000\AppData\Roaming\npm-cache\styleValidate\1.0.0\package
24 verbose lock C:\Users\steph_000\AppData\Roaming\npm-cache\styleValidate\1.0.0\package C:\Users\steph_000\AppData\Roaming\npm-cache\4e743958-ache-styleValidate-1-0-0-package.lock
25 silly lockFile 4e743958-ache-styleValidate-1-0-0-package C:\Users\steph_000\AppData\Roaming\npm-cache\styleValidate\1.0.0\package
26 silly lockFile 4e743958-ache-styleValidate-1-0-0-package C:\Users\steph_000\AppData\Roaming\npm-cache\styleValidate\1.0.0\package
27 silly lockFile 3a52ce78- .
28 silly lockFile 3a52ce78- .
29 silly publish { name: 'styleValidate',
29 silly publish   description: 'Stylt das W3C ergebnis von http://html5.validator.nu/?out=json&doc=',
29 silly publish   version: '1.0.0',
29 silly publish   homepage: 'https://github.com/stephanj79/styleValidate',
29 silly publish   author: { name: 'Stephan Jäger' },
29 silly publish   main: 'jquery-1.11.2.min.js',
29 silly publish   scripts: { test: 'echo "Error: no test specified" && exit 1' },
29 silly publish   repository:
29 silly publish    { type: 'git',
29 silly publish      url: 'https://github.com/stephanj79/styleValidate' },
29 silly publish   bugs: { url: 'https://github.com/stephanj79/styleValidate/issues' },
29 silly publish   keywords: [ 'jquery-plugin' ],
29 silly publish   licenses:
29 silly publish    [ { type: 'MIT',
29 silly publish        url: 'https://github.com/stephanj79/styleValidate/blob/master/LICENSE-MIT' } ],
29 silly publish   devDependencies:
29 silly publish    { 'grunt-autoprefixer': '^2.2.0',
29 silly publish      'grunt-contrib-cssmin': '^0.12.2',
29 silly publish      'grunt-contrib-jshint': '^0.11.0',
29 silly publish      'grunt-contrib-less': '^1.0.0',
29 silly publish      'grunt-contrib-uglify': '^0.8.0' },
29 silly publish   dependencies:
29 silly publish    { grunt: '^0.4.5',
29 silly publish      'grunt-autoprefixer': '^2.2.0',
29 silly publish      'grunt-contrib-cssmin': '^0.12.2',
29 silly publish      'grunt-contrib-jshint': '^0.11.0',
29 silly publish      'grunt-contrib-less': '^1.0.0',
29 silly publish      'grunt-contrib-uglify': '^0.8.0' },
29 silly publish   license: 'MIT',
29 silly publish   readme: '\n# styleValidate.js\n- Stylt das W3C ergebnis von http://html5.validator.nu/?out=json&doc=\n\n# Hier gehts zur [Live Demo] - none\n\n## Getting Started\nThis plugin is developed with `jquery-1.11.2`\n> Test it with other Versions!!!\n\nAdd to your HTML\n```html\n\n<link rel="stylesheet" href="css/stylehistory.css">\n\n<script src="//code.jquery.com/jquery-1.11.2.min.js"></script>\n<script src="//code.jquery.com/jquery-migrate-1.2.1.min.js"></script>\n<script src="jquery.stylevalidate.min.js"></script>\n```\n\n#How to use:\n```html\n<head>\n<script>\n         $(document).ready(function(){\n                    $(\'#w3cfails\').styleValidate({silent: false});\n                });\n</script>\n</head>\n\n<body>\n<div id="w3cfails" class="collapse in" aria-expanded="true">\n<h4>Fehler in Ihrem Code sind:</h4>\n    <div class="w3c -url">http://www.google.de</div>\n    <div class="w3cinner">1:</div>\n    <div class="w3cinner">1:\n        <div class="w3cinfo info-type">info</div>\n        <div class="w3cinfo info-url">http://www.google.de/</div>\n        <div class="w3cinfo info-subType">warning</div>\n        <div class="w3cinfo info-message">Using “windows-1252” instead of the declared encoding “iso-8859-1”.</div>\n    </div>\n    <div class="w3cinner">\n        <div class="w3cinner-key">2:\n            <div class="typevalArray"></div>\n        </div>\n        <div class="w3cinfo info-type">info</div>\n        <div class="w3cinfo info-url">http://www.google.de/</div>\n        <div class="w3cinfo info-subType">warning</div>\n        <div class="w3cinfo info-message">Legacy encoding “windows-1252” used. Documents should use UTF-8.</div>\n    </div>\n    <div class="w3cinner">\n        <div class="w3cinner-key">3:\n            <div class="typevalArray"></div>\n        </div>\n        <div class="w3cerror error-type">error</div>\n        <div class="w3cerror error-lastLine">3</div>\n        <div class="w3cerror error-lastColumn">1968</div>\n        <div class="w3cerror error-firstColumn">1948</div>\n        <div class="w3cerror error-message">The “bgcolor” attribute on the “body” element is obsolete. Use CSS instead.</div>\n        <div class="w3cerror error-extract">pt&gt;&lt;/head&gt;&lt;body bgcolor="#fff"&gt;&lt;scrip</div>\n        <div class="w3cerror error-hiliteStart">10</div>\n        <div class="w3cerror error-hiliteLength">21</div>\n    </div>\n    <div class="w3cinner">\n        <div class="w3cinner-key">4:\n            <div class="typevalArray"></div>\n        </div>\n        <div class="w3cerror error-type">error</div>\n        <div class="w3cerror error-lastLine">6</div>\n        <div class="w3cerror error-lastColumn">52</div>\n        <div class="w3cerror error-firstColumn">47</div>\n        <div class="w3cerror error-message">Element “nobr” not allowed as child of element “div” in this context. (Suppressing further errors from this subtree.)</div>\n        <div class="w3cerror error-extract">v id=gbar&gt;&lt;nobr&gt;&lt;b cla</div>\n        <div class="w3cerror error-hiliteStart">10</div>\n        <div class="w3cerror error-hiliteLength">6</div>\n    </div>\n    <div class="w3cinner">\n        <div class="w3cinner-key">5:\n            <div class="typevalArray"></div>\n        </div>\n        <div class="w3cerror error-type">error</div>\n        <div class="w3cerror error-lastLine">6</div>\n        <div class="w3cerror error-lastColumn">127</div>\n        <div class="w3cerror error-message">“&amp;” did not start a character reference. (“&amp;” probably should have been escaped as “&amp;amp;”.)</div>\n        <div class="w3cerror error-extract">.de/imghp?hl=de&amp;tab=wi"&gt;Bilder</div>\n        <div class="w3cerror error-hiliteStart">15</div>\n        <div class="w3cerror error-hiliteLength">1</div>\n    </div>\n    <div class="w3cinner">\n        <div class="w3cinner-key">6:\n            <div class="typevalArray"></div>\n        </div>\n        <div class="w3cerror error-type">error</div>\n        <div class="w3cerror error-lastLine">6</div>\n        <div class="w3cerror error-lastColumn">198</div>\n        <div class="w3cerror error-message">“&amp;” did not start a character reference. (“&amp;” probably should have been escaped as “&amp;amp;”.)</div>\n        <div class="w3cerror error-extract">e.de/maps?hl=de&amp;tab=wl"&gt;Maps&lt;/</div>\n        <div class="w3cerror error-hiliteStart">15</div>\n        <div class="w3cerror error-hiliteLength">1</div>\n    </div>\n    <div class="w3cinner">\n        <div class="w3cinner-key">7:\n            <div class="typevalArray"></div>\n        </div>\n        <div class="w3cerror error-type">error</div>\n        <div class="w3cerror error-lastLine">6</div>\n        <div class="w3cerror error-lastColumn">265</div>\n        <div class="w3cerror error-message">“&amp;” did not start a character reference. (“&amp;” probably should have been escaped as “&amp;amp;”.)</div>\n        <div class="w3cerror error-extract">ogle.com/?hl=de&amp;tab=w8"&gt;Play&lt;/</div>\n        <div class="w3cerror error-hiliteStart">15</div>\n        <div class="w3cerror error-hiliteLength">1</div>\n    </div>\n    <div class="w3cinner">\n        <div class="w3cinner-key">8:\n            <div class="typevalArray"></div>\n        </div>\n        <div class="w3cerror error-type">error</div>\n        <div class="w3cerror error-lastLine">6</div>\n        <div class="w3cerror error-lastColumn">331</div>\n        <div class="w3cerror error-message">“&amp;” did not start a character reference. (“&amp;” probably should have been escaped as “&amp;amp;”.)</div>\n        <div class="w3cerror error-extract">tube.com/?gl=DE&amp;tab=w1"&gt;YouTub</div>\n        <div class="w3cerror error-hiliteStart">15</div>\n        <div class="w3cerror error-hiliteLength">1</div>\n    </div>\n    <div class="w3cinner">\n        <div class="w3cinner-key">9:\n            <div class="typevalArray"></div>\n        </div>\n        <div class="w3cerror error-type">error</div>\n        <div class="w3cerror error-lastLine">6</div>\n        <div class="w3cerror error-lastColumn">404</div>\n        <div class="w3cerror error-message">“&amp;” did not start a character reference. (“&amp;” probably should have been escaped as “&amp;amp;”.)</div>\n        <div class="w3cerror error-extract">.de/nwshp?hl=de&amp;tab=wn"&gt;News&lt;/</div>\n        <div class="w3cerror error-hiliteStart">15</div>\n        <div class="w3cerror error-hiliteLength">1</div>\n    </div>\n    <div class="w3cinner">\n        <div class="w3cinner-key">10:\n            <div class="typevalArray"></div>\n        </div>\n        <div class="w3cerror error-type">error</div>\n        <div class="w3cerror error-lastLine">6</div>\n        <div class="w3cerror error-lastColumn">699</div>\n        <div class="w3cerror error-firstColumn">675</div>\n        <div class="w3cerror error-message">Attribute “width” not allowed on element “div” at this point.</div>\n        <div class="w3cerror error-extract">obr&gt;&lt;/div&gt;&lt;div id=guser width=100%&gt;&lt;nobr&gt;</div>\n        <div class="w3cerror error-hiliteStart">10</div>\n        <div class="w3cerror error-hiliteLength">25</div>\n    </div>\n    <div class="w3cinner">\n        <div class="w3cinner-key">11:\n            <div class="typevalArray"></div>\n        </div>\n        <div class="w3cerror error-type">error</div>\n        <div class="w3cerror error-lastLine">6</div>\n        <div class="w3cerror error-lastColumn">705</div>\n        <div class="w3cerror error-firstColumn">700</div>\n        <div class="w3cerror error-message">Element “nobr” not allowed as child of element “div” in this context. (Suppressing further errors from this subtree.)</div>\n        <div class="w3cerror error-extract">idth=100%&gt;&lt;nobr&gt;&lt;span</div>\n        <div class="w3cerror error-hiliteStart">10</div>\n        <div class="w3cerror error-hiliteLength">6</div>\n    </div>\n    <div class="w3cinner">\n        <div class="w3cinner-key">12:\n            <div class="typevalArray"></div>\n        </div>\n        <div class="w3cerror error-type">error</div>\n        <div class="w3cerror error-lastLine">6</div>\n        <div class="w3cerror error-lastColumn">1003</div>\n        <div class="w3cerror error-message">“&amp;” did not start a character reference. (“&amp;” probably should have been escaped as “&amp;amp;”.)</div>\n        <div class="w3cerror error-extract">viceLogin?hl=de&amp;continue=http:</div>\n        <div class="w3cerror error-hiliteStart">15</div>\n        <div class="w3cerror error-hiliteLength">1</div>\n    </div>\n    <div class="w3cinner">\n        <div class="w3cinner-key">13:\n            <div class="typevalArray"></div>\n        </div>\n        <div class="w3cerror error-type">error</div>\n        <div class="w3cerror error-lastLine">6</div>\n        <div class="w3cerror error-lastColumn">1157</div>\n        <div class="w3cerror error-firstColumn">1150</div>\n        <div class="w3cerror error-message">The “center” element is obsolete. Use CSS instead.</div>\n        <div class="w3cerror error-extract">    &lt;/div&gt;&lt;center&gt;&lt;span</div>\n        <div class="w3cerror error-hiliteStart">10</div>\n        <div class="w3cerror error-hiliteLength">8</div>\n    </div>\n    <div class="w3cinner">\n        <div class="w3cinner-key">14:\n            <div class="typevalArray"></div>\n        </div>\n        <div class="w3cerror error-type">error</div>\n        <div class="w3cerror error-lastLine">6</div>\n        <div class="w3cerror error-lastColumn">1200</div>\n        <div class="w3cerror error-firstColumn">1196</div>\n        <div class="w3cerror error-message">Element “div” not allowed as child of element “span” in this context. (Suppressing further errors from this subtree.)</div>\n        <div class="w3cerror error-extract">y:block"&gt; &lt;div&gt;&lt;style</div>\n        <div class="w3cerror error-hiliteStart">10</div>\n        <div class="w3cerror error-hiliteLength">5</div>\n    </div>\n    <div class="w3cinner">\n        <div class="w3cinner-key">15:\n            <div class="typevalArray"></div>\n        </div>\n        <div class="w3cerror error-type">error</div>\n        <div class="w3cerror error-lastLine">6</div>\n        <div class="w3cerror error-lastColumn">3105</div>\n        <div class="w3cerror error-firstColumn">3088</div>\n        <div class="w3cerror error-message">The “border” attribute on the “table” element is obsolete. Use CSS instead.</div>\n        <div class="w3cerror error-extract">ay:none"&gt; &lt;table border="0"&gt; &lt;tr&gt; </div>\n        <div class="w3cerror error-hiliteStart">10</div>\n        <div class="w3cerror error-hiliteLength">18</div>\n    </div>\n    <div class="w3cinner">\n        <div class="w3cinner-key">16:\n            <div class="typevalArray"></div>\n        </div>\n        <div class="w3cerror error-type">error</div>\n        <div class="w3cerror error-lastLine">6</div>\n        <div class="w3cerror error-lastColumn">3170</div>\n        <div class="w3cerror error-message">“&amp;” did not start a character reference. (“&amp;” probably should have been escaped as “&amp;amp;”.)</div>\n        <div class="w3cerror error-extract">"google.promos&amp;&amp;google.promos.</div>\n        <div class="w3cerror error-hiliteStart">15</div>\n        <div class="w3cerror error-hiliteLength">1</div>\n    </div>\n    <div class="w3cinner">\n        <div class="w3cinner-key">17:\n            <div class="typevalArray"></div>\n        </div>\n        <div class="w3cerror error-type">error</div>\n        <div class="w3cerror error-lastLine">6</div>\n        <div class="w3cerror error-lastColumn">3347</div>\n        <div class="w3cerror error-firstColumn">3301</div>\n        <div class="w3cerror error-message">An “img” element must have an “alt” attribute, except under certain conditions. For details, consult guidance on providing text alternatives for images.</div>\n        <div class="w3cerror error-extract">span="2"&gt; &lt;img src="/images/icons/product/chrome-48.png"&gt; &lt;/td&gt;</div>\n        <div class="w3cerror error-hiliteStart">10</div>\n        <div class="w3cerror error-hiliteLength">47</div>\n    </div>\n    <div class="w3cinner">\n        <div class="w3cinner-key">18:\n            <div class="typevalArray"></div>\n        </div>\n        <div class="w3cerror error-type">error</div>\n        <div class="w3cerror error-lastLine">6</div>\n        <div class="w3cerror error-lastColumn">3615</div>\n        <div class="w3cerror error-message">“&amp;” did not start a character reference. (“&amp;” probably should have been escaped as “&amp;amp;”.)</div>\n        <div class="w3cerror error-extract">"google.promos&amp;&amp;google.promos.</div>\n        <div class="w3cerror error-hiliteStart">15</div>\n        <div class="w3cerror error-hiliteLength">1</div>\n    </div>\n    <div class="w3cinner">\n        <div class="w3cinner-key">19:\n            <div class="typevalArray"></div>\n        </div>\n        <div class="w3cerror error-type">error</div>\n        <div class="w3cerror error-lastLine">7</div>\n        <div class="w3cerror error-lastColumn">58</div>\n        <div class="w3cerror error-firstColumn">33</div>\n        <div class="w3cerror error-message">The “clear” attribute on the “br” element is obsolete. Use CSS instead.</div>\n        <div class="w3cerror error-extract">v&gt; &lt;/span&gt;&lt;br clear="all" id="lgpd"&gt;&lt;div i</div>\n        <div class="w3cerror error-hiliteStart">10</div>\n        <div class="w3cerror error-hiliteLength">26</div>\n    </div>\n    <div class="w3cinner">\n        <div class="w3cinner-key">20:\n            <div class="typevalArray"></div>\n        </div>\n        <div class="w3cerror error-type">error</div>\n        <div class="w3cerror error-lastLine">7</div>\n        <div class="w3cerror error-lastColumn">252</div>\n        <div class="w3cerror error-message">“&amp;” did not start a character reference. (“&amp;” probably should have been escaped as “&amp;amp;”.)</div>\n        <div class="w3cerror error-extract">ad="window.lol&amp;&amp;lol()"&gt;&lt;div no</div>\n        <div class="w3cerror error-hiliteStart">15</div>\n        <div class="w3cerror error-hiliteLength">1</div>\n    </div>\n    <div class="w3cinner">\n        <div class="w3cinner-key">21:\n            <div class="typevalArray"></div>\n        </div>\n        <div class="w3cerror error-type">error</div>\n        <div class="w3cerror error-lastLine">7</div>\n        <div class="w3cerror error-lastColumn">259</div>\n        <div class="w3cerror error-firstColumn">105</div>\n        <div class="w3cerror error-message">The “align” attribute on the “div” element is obsolete. Use CSS instead.</div>\n        <div class="w3cerror error-extract">px 0 3px"&gt;&lt;div style="height:110px;width:276px;background:url(/images/srpr/logo9w.png) no-repeat" title="Google" align="left" id="hplogo" onload="window.lol&amp;&amp;lol()"&gt;&lt;div n</div>\n        <div class="w3cerror error-hiliteStart">10</div>\n        <div class="w3cerror error-hiliteLength">155</div>\n    </div>\n    <div class="w3cinner">\n        <div class="w3cinner-key">22:\n            <div class="typevalArray"></div>\n        </div>\n        <div class="w3cerror error-type">error</div>\n        <div class="w3cerror error-lastLine">7</div>\n        <div class="w3cerror error-lastColumn">363</div>\n        <div class="w3cerror error-firstColumn">260</div>\n        <div class="w3cerror error-message">Attribute “nowrap” not allowed on element “div” at this point.</div>\n        <div class="w3cerror error-extract">l&amp;&amp;lol()"&gt;&lt;div nowrap="" style="color:#777;font-size:16px;font-weight:bold;position:relative;top:70px;left:218px"&gt;Deutsc</div>\n        <div class="w3cerror error-hiliteStart">10</div>\n        <div class="w3cerror error-hiliteLength">104</div>\n    </div>\n    <div class="w3cinner">\n        <div class="w3cinner-key">23:\n            <div class="typevalArray"></div>\n        </div>\n        <div class="w3cerror error-type">error</div>\n        <div class="w3cerror error-lastLine">7</div>\n        <div class="w3cerror error-lastColumn">473</div>\n        <div class="w3cerror error-firstColumn">435</div>\n        <div class="w3cerror error-message">The “cellpadding” attribute on the “table” element is obsolete. Use CSS instead.</div>\n        <div class="w3cerror error-extract"> name="f"&gt;&lt;table cellpadding="0" cellspacing="0"&gt;&lt;tr va</div>\n        <div class="w3cerror error-hiliteStart">10</div>\n        <div class="w3cerror error-hiliteLength">39</div>\n    </div>\n    <div class="w3cinner">\n        <div class="w3cinner-key">24:\n            <div class="typevalArray"></div>\n        </div>\n        <div class="w3cerror error-type">error</div>\n        <div class="w3cerror error-lastLine">7</div>\n        <div class="w3cerror error-lastColumn">473</div>\n        <div class="w3cerror error-firstColumn">435</div>\n        <div class="w3cerror error-message">The “cellspacing” attribute on the “table” element is obsolete. Use CSS instead.</div>\n        <div class="w3cerror error-extract"> name="f"&gt;&lt;table cellpadding="0" cellspacing="0"&gt;&lt;tr va</div>\n        <div class="w3cerror error-hiliteStart">10</div>\n        <div class="w3cerror error-hiliteLength">39</div>\n    </div>\n    <div class="w3cinner">\n        <div class="w3cinner-key">25:\n            <div class="typevalArray"></div>\n        </div>\n        <div class="w3cerror error-type">error</div>\n        <div class="w3cerror error-lastLine">7</div>\n        <div class="w3cerror error-lastColumn">490</div>\n        <div class="w3cerror error-firstColumn">474</div>\n        <div class="w3cerror error-message">The “valign” attribute on the “tr” element is obsolete. Use CSS instead.</div>\n        <div class="w3cerror error-extract">acing="0"&gt;&lt;tr valign="top"&gt;&lt;td wi</div>\n        <div class="w3cerror error-hiliteStart">10</div>\n        <div class="w3cerror error-hiliteLength">17</div>\n    </div>\n    <div class="w3cinner">\n        <div class="w3cinner-key">26:\n            <div class="typevalArray"></div>\n        </div>\n        <div class="w3cerror error-type">error</div>\n        <div class="w3cerror error-lastLine">7</div>\n        <div class="w3cerror error-lastColumn">506</div>\n        <div class="w3cerror error-firstColumn">491</div>\n        <div class="w3cerror error-message">The “width” attribute on the “td” element is obsolete. Use CSS instead.</div>\n        <div class="w3cerror error-extract">ign="top"&gt;&lt;td width="25%"&gt;&amp;nbsp;</div>\n        <div class="w3cerror error-hiliteStart">10</div>\n        <div class="w3cerror error-hiliteLength">16</div>\n    </div>\n    <div class="w3cinner">\n        <div class="w3cinner-key">27:\n            <div class="typevalArray"></div>\n        </div>\n        <div class="w3cerror error-type">error</div>\n        <div class="w3cerror error-lastLine">7</div>\n        <div class="w3cerror error-lastColumn">546</div>\n        <div class="w3cerror error-firstColumn">518</div>\n        <div class="w3cerror error-message">The “align” attribute on the “td” element is obsolete. Use CSS instead.</div>\n        <div class="w3cerror error-extract">nbsp;&lt;/td&gt;&lt;td align="center" nowrap=""&gt;&lt;input</div>\n        <div class="w3cerror error-hiliteStart">10</div>\n        <div class="w3cerror error-hiliteLength">29</div>\n    </div>\n    <div class="w3cinner">\n        <div class="w3cinner-key">28:\n            <div class="typevalArray"></div>\n        </div>\n        <div class="w3cerror error-type">error</div>\n        <div class="w3cerror error-lastLine">7</div>\n        <div class="w3cerror error-lastColumn">546</div>\n        <div class="w3cerror error-firstColumn">518</div>\n        <div class="w3cerror error-message">The “nowrap” attribute on the “td” element is obsolete. Use CSS instead.</div>\n        <div class="w3cerror error-extract">nbsp;&lt;/td&gt;&lt;td align="center" nowrap=""&gt;&lt;input</div>\n        <div class="w3cerror error-hiliteStart">10</div>\n        <div class="w3cerror error-hiliteLength">29</div>\n    </div>\n    <div class="w3cinner">\n        <div class="w3cinner-key">29:\n            <div class="typevalArray"></div>\n        </div>\n        <div class="w3cerror error-type">error</div>\n        <div class="w3cerror error-lastLine">7</div>\n        <div class="w3cerror error-lastColumn">1309</div>\n        <div class="w3cerror error-firstColumn">1255</div>\n        <div class="w3cerror error-message">The “align” attribute on the “td” element is obsolete. Use CSS instead.</div>\n        <div class="w3cerror error-extract">span&gt;&lt;/td&gt;&lt;td class="fl sblc" align="left" nowrap="" width="25%"&gt;&lt;a hre</div>\n        <div class="w3cerror error-hiliteStart">10</div>\n        <div class="w3cerror error-hiliteLength">55</div>\n    </div>\n    <div class="w3cinner">\n        <div class="w3cinner-key">30:\n            <div class="typevalArray"></div>\n        </div>\n        <div class="w3cerror error-type">error</div>\n        <div class="w3cerror error-lastLine">7</div>\n        <div class="w3cerror error-lastColumn">1309</div>\n        <div class="w3cerror error-firstColumn">1255</div>\n        <div class="w3cerror error-message">The “nowrap” attribute on the “td” element is obsolete. Use CSS instead.</div>\n        <div class="w3cerror error-extract">span&gt;&lt;/td&gt;&lt;td class="fl sblc" align="left" nowrap="" width="25%"&gt;&lt;a hre</div>\n        <div class="w3cerror error-hiliteStart">10</div>\n        <div class="w3cerror error-hiliteLength">55</div>\n    </div>\n    <div class="w3cinner">\n        <div class="w3cinner-key">31:\n            <div class="typevalArray"></div>\n        </div>\n        <div class="w3cerror error-type">error</div>\n        <div class="w3cerror error-lastLine">7</div>\n        <div class="w3cerror error-lastColumn">1309</div>\n        <div class="w3cerror error-firstColumn">1255</div>\n        <div class="w3cerror error-message">The “width” attribute on the “td” element is obsolete. Use CSS instead.</div>\n        <div class="w3cerror error-extract">span&gt;&lt;/td&gt;&lt;td class="fl sblc" align="left" nowrap="" width="25%"&gt;&lt;a hre</div>\n        <div class="w3cerror error-hiliteStart">10</div>\n        <div class="w3cerror error-hiliteLength">55</div>\n    </div>\n    <div class="w3cinner">\n        <div class="w3cinner-key">32:\n            <div class="typevalArray"></div>\n        </div>\n        <div class="w3cerror error-type">error</div>\n        <div class="w3cerror error-lastLine">7</div>\n        <div class="w3cerror error-lastColumn">1644</div>\n        <div class="w3cerror error-firstColumn">1617</div>\n        <div class="w3cerror error-message">Element “div” not allowed as child of element “span” in this context. (Suppressing further errors from this subtree.)</div>\n        <div class="w3cerror error-extract">="footer"&gt;&lt;div style="font-size:10pt"&gt;&lt;div s</div>\n        <div class="w3cerror error-hiliteStart">10</div>\n        <div class="w3cerror error-hiliteLength">28</div>\n    </div>\n    <div class="w3cinner">\n        <div class="w3cinner-key">33:\n            <div class="typevalArray"></div>\n        </div>\n        <div class="w3cerror error-type">error</div>\n        <div class="w3cerror error-lastLine">7</div>\n        <div class="w3cerror error-lastColumn">2091</div>\n        <div class="w3cerror error-firstColumn">2053</div>\n        <div class="w3cerror error-message">Element “p” not allowed as child of element “span” in this context. (Suppressing further errors from this subtree.)</div>\n        <div class="w3cerror error-extract">div&gt;&lt;/div&gt;&lt;p style="color:#767676;font-size:8pt"&gt;&amp;copy;</div>\n        <div class="w3cerror error-hiliteStart">10</div>\n        <div class="w3cerror error-hiliteLength">39</div>\n    </div>\n</div>\n</body>\n```\n\n\n\n\n### Release History\n* 1.0.0 Final Release\n',
29 silly publish   readmeFilename: 'README.md',
29 silly publish   _id: 'styleValidate@1.0.0',
29 silly publish   _shasum: '77711c9e7d8b00bff98ab344cec974cdea487e2c',
29 silly publish   _from: '.' }
30 verbose request where is /styleValidate
31 verbose request registry https://registry.npmjs.org/
32 verbose request id cb34c975a076b43e
33 verbose url raw /styleValidate
34 verbose url resolving [ 'https://registry.npmjs.org/', './styleValidate' ]
35 verbose url resolved https://registry.npmjs.org/styleValidate
36 verbose request where is https://registry.npmjs.org/styleValidate
37 info trying registry request attempt 1 at 14:57:24
38 http PUT https://registry.npmjs.org/styleValidate
39 http 400 https://registry.npmjs.org/styleValidate
40 verbose headers { 'content-type': 'application/json',
40 verbose headers   'cache-control': 'max-age=60',
40 verbose headers   'content-length': '54',
40 verbose headers   'accept-ranges': 'bytes',
40 verbose headers   date: 'Thu, 11 Jun 2015 12:57:52 GMT',
40 verbose headers   via: '1.1 varnish',
40 verbose headers   connection: 'keep-alive',
40 verbose headers   'x-served-by': 'cache-fra1239-FRA',
40 verbose headers   'x-cache': 'MISS',
40 verbose headers   'x-cache-hits': '0',
40 verbose headers   'x-timer': 'S1434027471.111955,VS0,VE1101' }
41 error publish Failed PUT 400
42 error Error: name can no longer contain capital letters : styleValidate
42 error     at RegClient.<anonymous> (D:\nodejs\node_modules\npm\node_modules\npm-registry-client\lib\request.js:308:14)
42 error     at Request._callback (D:\nodejs\node_modules\npm\node_modules\npm-registry-client\lib\request.js:246:65)
42 error     at Request.self.callback (D:\nodejs\node_modules\npm\node_modules\request\request.js:236:22)
42 error     at Request.emit (events.js:98:17)
42 error     at Request.<anonymous> (D:\nodejs\node_modules\npm\node_modules\request\request.js:1142:14)
42 error     at Request.emit (events.js:117:20)
42 error     at IncomingMessage.<anonymous> (D:\nodejs\node_modules\npm\node_modules\request\request.js:1096:12)
42 error     at IncomingMessage.emit (events.js:117:20)
42 error     at _stream_readable.js:943:16
42 error     at process._tickCallback (node.js:419:13)
43 error If you need help, you may report this *entire* log,
43 error including the npm and node versions, at:
43 error     <http://github.com/npm/npm/issues>
44 error System Windows_NT 6.2.9200
45 error command "D:\\nodejs\\\\node.exe" "D:\\nodejs\\node_modules\\npm\\bin\\npm-cli.js" "publish"
46 error cwd C:\Users\steph_000\WebstormProjects\JqueryPlugins\styleValidate
47 error node -v v0.10.33
48 error npm -v 1.4.28
49 verbose exit [ 1, true ]
